<?xml version="1.0" encoding="UTF-8"?>
<!-- Generated by org.testng.reporters.JUnitReportReporter -->
<testsuite name="com.test.automation.uiAutomationNew.homePage.TC002_VerifyLoginWithDifferentRecords" tests="5" time="25.280" ignored="0" failures="0" timestamp="31 Aug 2017 06:21:59 GMT" skipped="0" hostname="DESKTOP-R707R9I" errors="0">
  <testcase name="testLogin" time="3.534" classname="com.test.automation.uiAutomationNew.homePage.TC002_VerifyLoginWithDifferentRecords"/>
  <testcase name="testLogin" time="3.567" classname="com.test.automation.uiAutomationNew.homePage.TC002_VerifyLoginWithDifferentRecords"/>
  <testcase name="testLogin" time="3.586" classname="com.test.automation.uiAutomationNew.homePage.TC002_VerifyLoginWithDifferentRecords"/>
  <testcase name="testLogin" time="10.800" classname="com.test.automation.uiAutomationNew.homePage.TC002_VerifyLoginWithDifferentRecords"/>
  <testcase name="testLogin" time="3.793" classname="com.test.automation.uiAutomationNew.homePage.TC002_VerifyLoginWithDifferentRecords"/>
</testsuite> <!-- com.test.automation.uiAutomationNew.homePage.TC002_VerifyLoginWithDifferentRecords -->
